<?xml version="1.0" encoding="UTF-8"?>
<!-- Generated by org.testng.reporters.JUnitReportReporter -->
<testsuite skipped="0" hostname="DESKTOP-3SJIT6V" name="Naveen.NaveenCodingChallenge1.testcases.ListPropertiesTestCases" tests="4" failures="0" timestamp="29 Apr 2019 06:31:00 GMT" time="86.975" errors="0">
  <testcase name="InputText" time="24.366" classname="Naveen.NaveenCodingChallenge1.testcases.ListPropertiesTestCases"/>
  <testcase name="listview" time="31.749" classname="Naveen.NaveenCodingChallenge1.testcases.ListPropertiesTestCases"/>
  <testcase name="Select5th" time="19.585" classname="Naveen.NaveenCodingChallenge1.testcases.ListPropertiesTestCases"/>
  <testcase name="ClickAgentName" time="11.275" classname="Naveen.NaveenCodingChallenge1.testcases.ListPropertiesTestCases"/>
</testsuite> <!-- Naveen.NaveenCodingChallenge1.testcases.ListPropertiesTestCases -->
